<?xml version="1.0" encoding="UTF-8"?>
<!-- Generated by org.testng.reporters.JUnitXMLReporter -->
<testsuite ignored="0" hostname="LAPTOP-820TK6BR" failures="0" tests="5" name="Test" time="41.965" errors="0" timestamp="2022-10-11T18:46:31 IST">
  <testcase classname="TestCases.VerifyTabletTestCases" name="Tab" time="0.645"/>
  <testcase classname="TestCases.VerifyLoginTestCases" name="Login" time="10.801"/>
  <testcase classname="TestCases.VerifyIphoneAddTestCases" name="Iphone" time="1.52"/>
  <testcase classname="TestCases.VerifyRegisterTestCases" name="register" time="6.967"/>
  <testcase classname="TestCases.VerifyBrokenLinkTestCases" name="linksOnFooter" time="0.054"/>
</testsuite> <!-- Test -->
