<?xml version="1.0" encoding="UTF-8"?>
<testng-results ignored="0" total="1" passed="1" failed="0" skipped="0">
  <reporter-output>
  </reporter-output>
  <suite started-at="2022-10-13T12:41:20 IST" name="Default suite" finished-at="2022-10-13T12:41:45 IST" duration-ms="24598">
    <groups>
    </groups>
    <test started-at="2022-10-13T12:41:20 IST" name="Default test" finished-at="2022-10-13T12:41:45 IST" duration-ms="24598">
      <class name="TestCases.VerifyProductsAddTestCases">
        <test-method is-config="true" signature="openBrowser()[pri:0, instance:TestCases.VerifyProductsAddTestCases@402bba4f]" started-at="2022-10-13T12:41:20 IST" name="openBrowser" finished-at="2022-10-13T12:41:37 IST" duration-ms="16092" status="PASS">
          <reporter-output>
          </reporter-output>
        </test-method> <!-- openBrowser -->
        <test-method signature="Iphone()[pri:0, instance:TestCases.VerifyProductsAddTestCases@402bba4f]" started-at="2022-10-13T12:41:37 IST" name="Iphone" finished-at="2022-10-13T12:41:45 IST" duration-ms="8470" status="PASS">
          <reporter-output>
          </reporter-output>
        </test-method> <!-- Iphone -->
      </class> <!-- TestCases.VerifyProductsAddTestCases -->
    </test> <!-- Default test -->
  </suite> <!-- Default suite -->
</testng-results>
